{"name":"Add_New_Customer_Account","status":"broken","statusDetails":{"known":false,"muted":false,"flaky":false,"message":"unexpected alert open: {Alert text : Customer could not be added !!}\n  (Session info: chrome=104.0.5112.101): Customer could not be added !!\nBuild info: version: '3.141.59', revision: 'e82be7d358', time: '2018-11-14T08:17:03'\nSystem info: host: 'Daisy-kute.local', ip: '2405:4802:13c:34d0:ffff:ffff:ffff:fffb%en0', os.name: 'Mac OS X', os.arch: 'x86_64', os.version: '12.4', java.version: '11.0.15'\nDriver info: org.openqa.selenium.chrome.ChromeDriver\nCapabilities {acceptInsecureCerts: false, browserName: chrome, browserVersion: 104.0.5112.101, chrome: {chromedriverVersion: 104.0.5112.79 (3cf3e8c8a07d..., userDataDir: /var/folders/m2/_5h6b6rn3zd...}, goog:chromeOptions: {debuggerAddress: localhost:57293}, javascriptEnabled: true, networkConnectionEnabled: false, pageLoadStrategy: normal, platform: MAC, platformName: MAC, proxy: Proxy(), setWindowRect: true, strictFileInteractability: false, timeouts: {implicit: 0, pageLoad: 300000, script: 30000}, unhandledPromptBehavior: dismiss and notify, webauthn:extension:credBlob: true, webauthn:extension:largeBlob: true, webauthn:virtualAuthenticators: true}\nSession ID: ae37e3c3c329885836bca095298ad741\n*** Element info: {Using=xpath, value=//p[text()='Customer Registered Successfully!!!']}","trace":"org.openqa.selenium.UnhandledAlertException: unexpected alert open: {Alert text : Customer could not be added !!}\n  (Session info: chrome=104.0.5112.101): Customer could not be added !!\nBuild info: version: '3.141.59', revision: 'e82be7d358', time: '2018-11-14T08:17:03'\nSystem info: host: 'Daisy-kute.local', ip: '2405:4802:13c:34d0:ffff:ffff:ffff:fffb%en0', os.name: 'Mac OS X', os.arch: 'x86_64', os.version: '12.4', java.version: '11.0.15'\nDriver info: org.openqa.selenium.chrome.ChromeDriver\nCapabilities {acceptInsecureCerts: false, browserName: chrome, browserVersion: 104.0.5112.101, chrome: {chromedriverVersion: 104.0.5112.79 (3cf3e8c8a07d..., userDataDir: /var/folders/m2/_5h6b6rn3zd...}, goog:chromeOptions: {debuggerAddress: localhost:57293}, javascriptEnabled: true, networkConnectionEnabled: false, pageLoadStrategy: normal, platform: MAC, platformName: MAC, proxy: Proxy(), setWindowRect: true, strictFileInteractability: false, timeouts: {implicit: 0, pageLoad: 300000, script: 30000}, unhandledPromptBehavior: dismiss and notify, webauthn:extension:credBlob: true, webauthn:extension:largeBlob: true, webauthn:virtualAuthenticators: true}\nSession ID: ae37e3c3c329885836bca095298ad741\n*** Element info: {Using=xpath, value=//p[text()='Customer Registered Successfully!!!']}\n\tat org.openqa.selenium.remote.http.W3CHttpResponseCodec.decode(W3CHttpResponseCodec.java:120)\n\tat org.openqa.selenium.remote.http.W3CHttpResponseCodec.decode(W3CHttpResponseCodec.java:49)\n\tat org.openqa.selenium.remote.HttpCommandExecutor.execute(HttpCommandExecutor.java:158)\n\tat org.openqa.selenium.remote.service.DriverCommandExecutor.execute(DriverCommandExecutor.java:83)\n\tat org.openqa.selenium.remote.RemoteWebDriver.execute(RemoteWebDriver.java:552)\n\tat org.openqa.selenium.remote.RemoteWebDriver.findElement(RemoteWebDriver.java:323)\n\tat org.openqa.selenium.remote.RemoteWebDriver.findElementByXPath(RemoteWebDriver.java:428)\n\tat org.openqa.selenium.By$ByXPath.findElement(By.java:353)\n\tat org.openqa.selenium.remote.RemoteWebDriver.findElement(RemoteWebDriver.java:315)\n\tat org.openqa.selenium.support.ui.ExpectedConditions$7.apply(ExpectedConditions.java:205)\n\tat org.openqa.selenium.support.ui.ExpectedConditions$7.apply(ExpectedConditions.java:201)\n\tat org.openqa.selenium.support.ui.FluentWait.until(FluentWait.java:249)\n\tat commons.WebKeywords.waitForElementVisible(WebKeywords.java:169)\n\tat pages.AddNewCustomerPage.waitForSuccessfullyTextDisplayed(AddNewCustomerPage.java:67)\n\tat com.bankguru.account.AddNewCustomerAccount.Add_New_Customer_Account(AddNewCustomerAccount.java:72)\n\tat java.base/jdk.internal.reflect.NativeMethodAccessorImpl.invoke0(Native Method)\n\tat java.base/jdk.internal.reflect.NativeMethodAccessorImpl.invoke(NativeMethodAccessorImpl.java:62)\n\tat java.base/jdk.internal.reflect.DelegatingMethodAccessorImpl.invoke(DelegatingMethodAccessorImpl.java:43)\n\tat java.base/java.lang.reflect.Method.invoke(Method.java:566)\n\tat org.testng.internal.invokers.MethodInvocationHelper.invokeMethod(MethodInvocationHelper.java:135)\n\tat org.testng.internal.invokers.TestInvoker.invokeMethod(TestInvoker.java:673)\n\tat org.testng.internal.invokers.TestInvoker.invokeTestMethod(TestInvoker.java:220)\n\tat org.testng.internal.invokers.MethodRunner.runInSequence(MethodRunner.java:50)\n\tat org.testng.internal.invokers.TestInvoker$MethodInvocationAgent.invoke(TestInvoker.java:945)\n\tat org.testng.internal.invokers.TestInvoker.invokeTestMethods(TestInvoker.java:193)\n\tat org.testng.internal.invokers.TestMethodWorker.invokeTestMethods(TestMethodWorker.java:146)\n\tat org.testng.internal.invokers.TestMethodWorker.run(TestMethodWorker.java:128)\n\tat java.base/java.util.ArrayList.forEach(ArrayList.java:1541)\n\tat org.testng.TestRunner.privateRun(TestRunner.java:808)\n\tat org.testng.TestRunner.run(TestRunner.java:603)\n\tat org.testng.SuiteRunner.runTest(SuiteRunner.java:429)\n\tat org.testng.SuiteRunner.runSequentially(SuiteRunner.java:423)\n\tat org.testng.SuiteRunner.privateRun(SuiteRunner.java:383)\n\tat org.testng.SuiteRunner.run(SuiteRunner.java:326)\n\tat org.testng.SuiteRunnerWorker.runSuite(SuiteRunnerWorker.java:52)\n\tat org.testng.SuiteRunnerWorker.run(SuiteRunnerWorker.java:95)\n\tat org.testng.TestNG.runSuitesSequentially(TestNG.java:1249)\n\tat org.testng.TestNG.runSuitesLocally(TestNG.java:1169)\n\tat org.testng.TestNG.runSuites(TestNG.java:1092)\n\tat org.testng.TestNG.run(TestNG.java:1060)\n\tat com.intellij.rt.testng.IDEARemoteTestNG.run(IDEARemoteTestNG.java:66)\n\tat com.intellij.rt.testng.RemoteTestNGStarter.main(RemoteTestNGStarter.java:109)\n"},"stage":"finished","steps":[{"name":"Input user ID  ","status":"passed","stage":"finished","steps":[],"attachments":[],"parameters":[{"name":"userID","value":"mngr432928"}],"start":1660984458026,"stop":1660984458628},{"name":"Input user password ","status":"passed","stage":"finished","steps":[],"attachments":[],"parameters":[{"name":"password","value":"AsAgUsE"}],"start":1660984458628,"stop":1660984458993},{"name":"Click to login button","status":"passed","stage":"finished","steps":[],"attachments":[],"parameters":[],"start":1660984458993,"stop":1660984460342},{"name":"Verify login successfully","status":"passed","stage":"finished","steps":[],"attachments":[],"parameters":[],"start":1660984460343,"stop":1660984460376},{"name":"Input customer name","status":"passed","stage":"finished","steps":[],"attachments":[],"parameters":[{"name":"name","value":"hue vu thi"}],"start":1660984461058,"stop":1660984461417},{"name":"Input customer birth date","status":"passed","stage":"finished","steps":[],"attachments":[],"parameters":[{"name":"date","value":"14/09/1994"}],"start":1660984461417,"stop":1660984461631},{"name":"Input customer address","status":"passed","stage":"finished","steps":[],"attachments":[],"parameters":[{"name":"address","value":"Hanoi \n Vietnam"}],"start":1660984461632,"stop":1660984461823},{"name":"Input customer city","status":"passed","stage":"finished","steps":[],"attachments":[],"parameters":[{"name":"city","value":"Hanoi"}],"start":1660984461824,"stop":1660984461957},{"name":"Input customer state","status":"passed","stage":"finished","steps":[],"attachments":[],"parameters":[{"name":"state","value":"Hadong"}],"start":1660984461957,"stop":1660984462093},{"name":"Input customer PIN","status":"passed","stage":"finished","steps":[],"attachments":[],"parameters":[{"name":"state","value":"123456"}],"start":1660984462093,"stop":1660984462230},{"name":"Input customer mobile number","status":"passed","stage":"finished","steps":[],"attachments":[],"parameters":[{"name":"phone","value":"4084373491"}],"start":1660984462231,"stop":1660984462365},{"name":"Input customer email","status":"passed","stage":"finished","steps":[],"attachments":[],"parameters":[{"name":"email","value":"companyEdited441993@gmail.com"}],"start":1660984462366,"stop":1660984462641},{"name":"Input customer password","status":"passed","stage":"finished","steps":[],"attachments":[],"parameters":[{"name":"password","value":"Test123456@"}],"start":1660984462642,"stop":1660984462778},{"name":"Click to submit button","status":"passed","stage":"finished","steps":[],"attachments":[],"parameters":[],"start":1660984462778,"stop":1660984463923},{"name":"Wait fo page load successfully","status":"broken","statusDetails":{"known":false,"muted":false,"flaky":false,"message":"unexpected alert open: {Alert text : Customer could not be added !!}\n  (Session info: chrome=104.0.5112.101): Customer could not be added !!\nBuild info: version: '3.141.59', revision: 'e82be7d358', time: '2018-11-14T08:17:03'\nSystem info: host: 'Daisy-kute.local', ip: '2405:4802:13c:34d0:ffff:ffff:ffff:fffb%en0', os.name: 'Mac OS X', os.arch: 'x86_64', os.version: '12.4', java.version: '11.0.15'\nDriver info: org.openqa.selenium.chrome.ChromeDriver\nCapabilities {acceptInsecureCerts: false, browserName: chrome, browserVersion: 104.0.5112.101, chrome: {chromedriverVersion: 104.0.5112.79 (3cf3e8c8a07d..., userDataDir: /var/folders/m2/_5h6b6rn3zd...}, goog:chromeOptions: {debuggerAddress: localhost:57293}, javascriptEnabled: true, networkConnectionEnabled: false, pageLoadStrategy: normal, platform: MAC, platformName: MAC, proxy: Proxy(), setWindowRect: true, strictFileInteractability: false, timeouts: {implicit: 0, pageLoad: 300000, script: 30000}, unhandledPromptBehavior: dismiss and notify, webauthn:extension:credBlob: true, webauthn:extension:largeBlob: true, webauthn:virtualAuthenticators: true}\nSession ID: ae37e3c3c329885836bca095298ad741\n*** Element info: {Using=xpath, value=//p[text()='Customer Registered Successfully!!!']}","trace":"org.openqa.selenium.UnhandledAlertException: unexpected alert open: {Alert text : Customer could not be added !!}\n  (Session info: chrome=104.0.5112.101): Customer could not be added !!\nBuild info: version: '3.141.59', revision: 'e82be7d358', time: '2018-11-14T08:17:03'\nSystem info: host: 'Daisy-kute.local', ip: '2405:4802:13c:34d0:ffff:ffff:ffff:fffb%en0', os.name: 'Mac OS X', os.arch: 'x86_64', os.version: '12.4', java.version: '11.0.15'\nDriver info: org.openqa.selenium.chrome.ChromeDriver\nCapabilities {acceptInsecureCerts: false, browserName: chrome, browserVersion: 104.0.5112.101, chrome: {chromedriverVersion: 104.0.5112.79 (3cf3e8c8a07d..., userDataDir: /var/folders/m2/_5h6b6rn3zd...}, goog:chromeOptions: {debuggerAddress: localhost:57293}, javascriptEnabled: true, networkConnectionEnabled: false, pageLoadStrategy: normal, platform: MAC, platformName: MAC, proxy: Proxy(), setWindowRect: true, strictFileInteractability: false, timeouts: {implicit: 0, pageLoad: 300000, script: 30000}, unhandledPromptBehavior: dismiss and notify, webauthn:extension:credBlob: true, webauthn:extension:largeBlob: true, webauthn:virtualAuthenticators: true}\nSession ID: ae37e3c3c329885836bca095298ad741\n*** Element info: {Using=xpath, value=//p[text()='Customer Registered Successfully!!!']}\n\tat org.openqa.selenium.remote.http.W3CHttpResponseCodec.decode(W3CHttpResponseCodec.java:120)\n\tat org.openqa.selenium.remote.http.W3CHttpResponseCodec.decode(W3CHttpResponseCodec.java:49)\n\tat org.openqa.selenium.remote.HttpCommandExecutor.execute(HttpCommandExecutor.java:158)\n\tat org.openqa.selenium.remote.service.DriverCommandExecutor.execute(DriverCommandExecutor.java:83)\n\tat org.openqa.selenium.remote.RemoteWebDriver.execute(RemoteWebDriver.java:552)\n\tat org.openqa.selenium.remote.RemoteWebDriver.findElement(RemoteWebDriver.java:323)\n\tat org.openqa.selenium.remote.RemoteWebDriver.findElementByXPath(RemoteWebDriver.java:428)\n\tat org.openqa.selenium.By$ByXPath.findElement(By.java:353)\n\tat org.openqa.selenium.remote.RemoteWebDriver.findElement(RemoteWebDriver.java:315)\n\tat org.openqa.selenium.support.ui.ExpectedConditions$7.apply(ExpectedConditions.java:205)\n\tat org.openqa.selenium.support.ui.ExpectedConditions$7.apply(ExpectedConditions.java:201)\n\tat org.openqa.selenium.support.ui.FluentWait.until(FluentWait.java:249)\n\tat commons.WebKeywords.waitForElementVisible(WebKeywords.java:169)\n\tat pages.AddNewCustomerPage.waitForSuccessfullyTextDisplayed(AddNewCustomerPage.java:67)\n\tat com.bankguru.account.AddNewCustomerAccount.Add_New_Customer_Account(AddNewCustomerAccount.java:72)\n\tat java.base/jdk.internal.reflect.NativeMethodAccessorImpl.invoke0(Native Method)\n\tat java.base/jdk.internal.reflect.NativeMethodAccessorImpl.invoke(NativeMethodAccessorImpl.java:62)\n\tat java.base/jdk.internal.reflect.DelegatingMethodAccessorImpl.invoke(DelegatingMethodAccessorImpl.java:43)\n\tat java.base/java.lang.reflect.Method.invoke(Method.java:566)\n\tat org.testng.internal.invokers.MethodInvocationHelper.invokeMethod(MethodInvocationHelper.java:135)\n\tat org.testng.internal.invokers.TestInvoker.invokeMethod(TestInvoker.java:673)\n\tat org.testng.internal.invokers.TestInvoker.invokeTestMethod(TestInvoker.java:220)\n\tat org.testng.internal.invokers.MethodRunner.runInSequence(MethodRunner.java:50)\n\tat org.testng.internal.invokers.TestInvoker$MethodInvocationAgent.invoke(TestInvoker.java:945)\n\tat org.testng.internal.invokers.TestInvoker.invokeTestMethods(TestInvoker.java:193)\n\tat org.testng.internal.invokers.TestMethodWorker.invokeTestMethods(TestMethodWorker.java:146)\n\tat org.testng.internal.invokers.TestMethodWorker.run(TestMethodWorker.java:128)\n\tat java.base/java.util.ArrayList.forEach(ArrayList.java:1541)\n\tat org.testng.TestRunner.privateRun(TestRunner.java:808)\n\tat org.testng.TestRunner.run(TestRunner.java:603)\n\tat org.testng.SuiteRunner.runTest(SuiteRunner.java:429)\n\tat org.testng.SuiteRunner.runSequentially(SuiteRunner.java:423)\n\tat org.testng.SuiteRunner.privateRun(SuiteRunner.java:383)\n\tat org.testng.SuiteRunner.run(SuiteRunner.java:326)\n\tat org.testng.SuiteRunnerWorker.runSuite(SuiteRunnerWorker.java:52)\n\tat org.testng.SuiteRunnerWorker.run(SuiteRunnerWorker.java:95)\n\tat org.testng.TestNG.runSuitesSequentially(TestNG.java:1249)\n\tat org.testng.TestNG.runSuitesLocally(TestNG.java:1169)\n\tat org.testng.TestNG.runSuites(TestNG.java:1092)\n\tat org.testng.TestNG.run(TestNG.java:1060)\n\tat com.intellij.rt.testng.IDEARemoteTestNG.run(IDEARemoteTestNG.java:66)\n\tat com.intellij.rt.testng.RemoteTestNGStarter.main(RemoteTestNGStarter.java:109)\n"},"stage":"finished","steps":[],"attachments":[],"parameters":[],"start":1660984463925,"stop":1660984463986}],"attachments":[],"parameters":[{"name":"environment","value":"dev"},{"name":"browser","value":"Chrome"}],"start":1660984458021,"stop":1660984463994,"uuid":"c988149b-04f8-4526-8a7f-2cc51ce34441","historyId":"997bace241788b3ab7be055fea89837","fullName":"com.bankguru.account.AddNewCustomerAccount.Add_New_Customer_Account","labels":[{"name":"package","value":"com.bankguru.account.AddNewCustomerAccount"},{"name":"testClass","value":"com.bankguru.account.AddNewCustomerAccount"},{"name":"testMethod","value":"Add_New_Customer_Account"},{"name":"parentSuite","value":"All Test Suite"},{"name":"suite","value":"Jitera"},{"name":"subSuite","value":"com.bankguru.account.AddNewCustomerAccount"},{"name":"host","value":"Daisy-kute.local"},{"name":"thread","value":"6942@Daisy-kute.local.main(1)"},{"name":"framework","value":"testng"},{"name":"language","value":"java"}],"links":[]}